Arguments: 
  /usr/local/bin/node /usr/local/bin/yarn init react-app react-con-yarn

PATH: 
  /usr/local/opt/ruby/bin:/usr/local/bin:/usr/bin:/bin:/usr/sbin:/sbin:/Library/Apple/usr/bin:/usr/local/opt/ruby/bin:/Users/digitalhouse/Library/Android/sdk/emulator:/Users/digitalhouse/Library/Android/sdk/tools:/Users/digitalhouse/Library/Android/sdk/tools/bin:/Users/digitalhouse/Library/Android/sdk/platform-tools:/Users/digitalhouse/Library/Android/sdk/emulator:/Users/digitalhouse/Library/Android/sdk/tools:/Users/digitalhouse/Library/Android/sdk/tools/bin:/Users/digitalhouse/Library/Android/sdk/platform-tools

Yarn version: 
  1.22.10

Node version: 
  14.15.5

Platform: 
  darwin x64

Trace: 
  Error: canceled
      at Interface.<anonymous> (/usr/local/lib/node_modules/yarn/lib/cli.js:136216:13)
      at Interface.emit (events.js:315:20)
      at Interface._ttyWrite (readline.js:875:16)
      at ReadStream.onkeypress (readline.js:213:10)
      at ReadStream.emit (events.js:315:20)
      at emitKeys (internal/readline/utils.js:345:14)
      at emitKeys.next (<anonymous>)
      at ReadStream.onData (readline.js:1144:36)
      at ReadStream.emit (events.js:315:20)
      at addChunk (internal/streams/readable.js:309:12)

npm manifest: 
  No manifest

yarn manifest: 
  No manifest

Lockfile: 
  No lockfile
